[debug] [2025-11-11T20:44:43.460Z] ----------------------------------------------------------------------
[debug] [2025-11-11T20:44:43.462Z] Command:       /Users/harryscott/.nvm/versions/node/v20.19.2/bin/node /Users/harryscott/.nvm/versions/node/v20.19.2/bin/firebase deploy --only functions
[debug] [2025-11-11T20:44:43.462Z] CLI Version:   14.24.2
[debug] [2025-11-11T20:44:43.462Z] Platform:      darwin
[debug] [2025-11-11T20:44:43.462Z] Node Version:  v20.19.2
[debug] [2025-11-11T20:44:43.462Z] Time:          Tue Nov 11 2025 15:44:43 GMT-0500 (Eastern Standard Time)
[debug] [2025-11-11T20:44:43.462Z] ----------------------------------------------------------------------
[debug] 
[debug] [2025-11-11T20:44:43.563Z] > command requires scopes: ["email","openid","https://www.googleapis.com/auth/cloudplatformprojects.readonly","https://www.googleapis.com/auth/firebase","https://www.googleapis.com/auth/cloud-platform"]
[debug] [2025-11-11T20:44:43.564Z] > authorizing via signed-in user (harryclementscott@gmail.com)
[debug] [2025-11-11T20:44:43.564Z] [iam] checking project tagtokn for permissions ["cloudfunctions.functions.create","cloudfunctions.functions.delete","cloudfunctions.functions.get","cloudfunctions.functions.list","cloudfunctions.functions.update","cloudfunctions.operations.get","firebase.projects.get"]
[debug] [2025-11-11T20:44:43.564Z] Checked if tokens are valid: false, expires at: 1762893726360
[debug] [2025-11-11T20:44:43.564Z] Checked if tokens are valid: false, expires at: 1762893726360
[debug] [2025-11-11T20:44:43.564Z] > refreshing access token with scopes: []
[debug] [2025-11-11T20:44:43.565Z] >>> [apiv2][query] POST https://www.googleapis.com/oauth2/v3/token [none]
[debug] [2025-11-11T20:44:43.565Z] >>> [apiv2][body] POST https://www.googleapis.com/oauth2/v3/token [omitted]
[debug] [2025-11-11T20:44:43.748Z] <<< [apiv2][status] POST https://www.googleapis.com/oauth2/v3/token 200
[debug] [2025-11-11T20:44:43.748Z] <<< [apiv2][body] POST https://www.googleapis.com/oauth2/v3/token [omitted]
[debug] [2025-11-11T20:44:43.759Z] >>> [apiv2][query] POST https://cloudresourcemanager.googleapis.com/v1/projects/tagtokn:testIamPermissions [none]
[debug] [2025-11-11T20:44:43.759Z] >>> [apiv2][(partial)header] POST https://cloudresourcemanager.googleapis.com/v1/projects/tagtokn:testIamPermissions x-goog-quota-user=projects/tagtokn
[debug] [2025-11-11T20:44:43.759Z] >>> [apiv2][body] POST https://cloudresourcemanager.googleapis.com/v1/projects/tagtokn:testIamPermissions {"permissions":["cloudfunctions.functions.create","cloudfunctions.functions.delete","cloudfunctions.functions.get","cloudfunctions.functions.list","cloudfunctions.functions.update","cloudfunctions.operations.get","firebase.projects.get"]}
[debug] [2025-11-11T20:44:43.995Z] <<< [apiv2][status] POST https://cloudresourcemanager.googleapis.com/v1/projects/tagtokn:testIamPermissions 200
[debug] [2025-11-11T20:44:43.996Z] <<< [apiv2][body] POST https://cloudresourcemanager.googleapis.com/v1/projects/tagtokn:testIamPermissions {"permissions":["cloudfunctions.functions.create","cloudfunctions.functions.delete","cloudfunctions.functions.get","cloudfunctions.functions.list","cloudfunctions.functions.update","cloudfunctions.operations.get","firebase.projects.get"]}
[debug] [2025-11-11T20:44:43.996Z] Checked if tokens are valid: true, expires at: 1762897482748
[debug] [2025-11-11T20:44:43.996Z] Checked if tokens are valid: true, expires at: 1762897482748
[debug] [2025-11-11T20:44:43.996Z] >>> [apiv2][query] POST https://iam.googleapis.com/v1/projects/tagtokn/serviceAccounts/tagtokn@appspot.gserviceaccount.com:testIamPermissions [none]
[debug] [2025-11-11T20:44:43.996Z] >>> [apiv2][body] POST https://iam.googleapis.com/v1/projects/tagtokn/serviceAccounts/tagtokn@appspot.gserviceaccount.com:testIamPermissions {"permissions":["iam.serviceAccounts.actAs"]}
[debug] [2025-11-11T20:44:44.236Z] <<< [apiv2][status] POST https://iam.googleapis.com/v1/projects/tagtokn/serviceAccounts/tagtokn@appspot.gserviceaccount.com:testIamPermissions 200
[debug] [2025-11-11T20:44:44.236Z] <<< [apiv2][body] POST https://iam.googleapis.com/v1/projects/tagtokn/serviceAccounts/tagtokn@appspot.gserviceaccount.com:testIamPermissions {"permissions":["iam.serviceAccounts.actAs"]}
[info] 
[info] === Deploying to 'tagtokn'...
[info] 
[info] i  deploying functions 
[debug] [2025-11-11T20:44:44.239Z] Checked if tokens are valid: true, expires at: 1762897482748
[debug] [2025-11-11T20:44:44.239Z] Checked if tokens are valid: true, expires at: 1762897482748
[debug] [2025-11-11T20:44:44.239Z] >>> [apiv2][query] GET https://cloudresourcemanager.googleapis.com/v1/projects/tagtokn [none]
[debug] [2025-11-11T20:44:44.348Z] <<< [apiv2][status] GET https://cloudresourcemanager.googleapis.com/v1/projects/tagtokn 200
[debug] [2025-11-11T20:44:44.348Z] <<< [apiv2][body] GET https://cloudresourcemanager.googleapis.com/v1/projects/tagtokn {"projectNumber":"1087424771839","projectId":"tagtokn","lifecycleState":"ACTIVE","name":"TagTokn","labels":{"firebase":"enabled","firebase-core":"disabled"},"createTime":"2025-06-05T12:27:16.738695Z"}
[info] i  functions: preparing codebase default for deployment 
[info] i  functions: ensuring required API cloudfunctions.googleapis.com is enabled... 
[info] i  functions: ensuring required API cloudbuild.googleapis.com is enabled... 
[info] i  artifactregistry: ensuring required API artifactregistry.googleapis.com is enabled... 
[debug] [2025-11-11T20:44:44.349Z] Checked if tokens are valid: true, expires at: 1762897482748
[debug] [2025-11-11T20:44:44.349Z] Checked if tokens are valid: true, expires at: 1762897482748
[debug] [2025-11-11T20:44:44.349Z] >>> [apiv2][query] GET https://firebase.googleapis.com/v1beta1/projects/tagtokn/adminSdkConfig [none]
[debug] [2025-11-11T20:44:44.740Z] <<< [apiv2][status] GET https://firebase.googleapis.com/v1beta1/projects/tagtokn/adminSdkConfig 200
[debug] [2025-11-11T20:44:44.741Z] <<< [apiv2][body] GET https://firebase.googleapis.com/v1beta1/projects/tagtokn/adminSdkConfig {"projectId":"tagtokn","storageBucket":"tagtokn.firebasestorage.app"}
[debug] [2025-11-11T20:44:44.742Z] Checked if tokens are valid: true, expires at: 1762897482748
[debug] [2025-11-11T20:44:44.742Z] Checked if tokens are valid: true, expires at: 1762897482748
[debug] [2025-11-11T20:44:44.742Z] >>> [apiv2][query] GET https://runtimeconfig.googleapis.com/v1beta1/projects/tagtokn/configs [none]
[debug] [2025-11-11T20:44:44.936Z] <<< [apiv2][status] GET https://runtimeconfig.googleapis.com/v1beta1/projects/tagtokn/configs 200
[debug] [2025-11-11T20:44:44.936Z] <<< [apiv2][body] GET https://runtimeconfig.googleapis.com/v1beta1/projects/tagtokn/configs {"configs":[{"name":"projects/tagtokn/configs/instagram"},{"name":"projects/tagtokn/configs/facebook"},{"name":"projects/tagtokn/configs/frontend"}]}
[debug] [2025-11-11T20:44:44.937Z] Checked if tokens are valid: true, expires at: 1762897482748
[debug] [2025-11-11T20:44:44.937Z] Checked if tokens are valid: true, expires at: 1762897482748
[debug] [2025-11-11T20:44:44.937Z] Checked if tokens are valid: true, expires at: 1762897482748
[debug] [2025-11-11T20:44:44.937Z] Checked if tokens are valid: true, expires at: 1762897482748
[debug] [2025-11-11T20:44:44.937Z] Checked if tokens are valid: true, expires at: 1762897482748
[debug] [2025-11-11T20:44:44.937Z] Checked if tokens are valid: true, expires at: 1762897482748
[debug] [2025-11-11T20:44:44.937Z] >>> [apiv2][query] GET https://runtimeconfig.googleapis.com/v1beta1/projects/tagtokn/configs/instagram/variables [none]
[debug] [2025-11-11T20:44:44.938Z] >>> [apiv2][query] GET https://runtimeconfig.googleapis.com/v1beta1/projects/tagtokn/configs/facebook/variables [none]
[debug] [2025-11-11T20:44:44.941Z] >>> [apiv2][query] GET https://runtimeconfig.googleapis.com/v1beta1/projects/tagtokn/configs/frontend/variables [none]
[debug] [2025-11-11T20:44:45.063Z] <<< [apiv2][status] GET https://runtimeconfig.googleapis.com/v1beta1/projects/tagtokn/configs/frontend/variables 200
[debug] [2025-11-11T20:44:45.063Z] <<< [apiv2][body] GET https://runtimeconfig.googleapis.com/v1beta1/projects/tagtokn/configs/frontend/variables {"variables":[{"name":"projects/tagtokn/configs/frontend/variables/url","updateTime":"2025-11-09T18:52:20.404780613Z"}]}
[debug] [2025-11-11T20:44:45.064Z] Checked if tokens are valid: true, expires at: 1762897482748
[debug] [2025-11-11T20:44:45.064Z] Checked if tokens are valid: true, expires at: 1762897482748
[debug] [2025-11-11T20:44:45.064Z] >>> [apiv2][query] GET https://runtimeconfig.googleapis.com/v1beta1/projects/tagtokn/configs/frontend/variables/url [none]
[debug] [2025-11-11T20:44:45.065Z] <<< [apiv2][status] GET https://runtimeconfig.googleapis.com/v1beta1/projects/tagtokn/configs/instagram/variables 200
[debug] [2025-11-11T20:44:45.066Z] <<< [apiv2][body] GET https://runtimeconfig.googleapis.com/v1beta1/projects/tagtokn/configs/instagram/variables {"variables":[{"name":"projects/tagtokn/configs/instagram/variables/client_id","updateTime":"2025-11-09T18:52:20.404928930Z"},{"name":"projects/tagtokn/configs/instagram/variables/client_secret","updateTime":"2025-11-09T18:52:20.446258971Z"},{"name":"projects/tagtokn/configs/instagram/variables/redirect_uri","updateTime":"2025-11-10T14:07:35.603252204Z"},{"name":"projects/tagtokn/configs/instagram/variables/app_id","updateTime":"2025-11-10T14:07:35.603127230Z"},{"name":"projects/tagtokn/configs/instagram/variables/app_secret","updateTime":"2025-11-10T14:07:35.587502217Z"}]}
[debug] [2025-11-11T20:44:45.066Z] Checked if tokens are valid: true, expires at: 1762897482748
[debug] [2025-11-11T20:44:45.066Z] Checked if tokens are valid: true, expires at: 1762897482748
[debug] [2025-11-11T20:44:45.066Z] Checked if tokens are valid: true, expires at: 1762897482748
[debug] [2025-11-11T20:44:45.066Z] Checked if tokens are valid: true, expires at: 1762897482748
[debug] [2025-11-11T20:44:45.066Z] Checked if tokens are valid: true, expires at: 1762897482748
[debug] [2025-11-11T20:44:45.066Z] Checked if tokens are valid: true, expires at: 1762897482748
[debug] [2025-11-11T20:44:45.066Z] Checked if tokens are valid: true, expires at: 1762897482748
[debug] [2025-11-11T20:44:45.066Z] Checked if tokens are valid: true, expires at: 1762897482748
[debug] [2025-11-11T20:44:45.066Z] Checked if tokens are valid: true, expires at: 1762897482748
[debug] [2025-11-11T20:44:45.066Z] Checked if tokens are valid: true, expires at: 1762897482748
[debug] [2025-11-11T20:44:45.067Z] >>> [apiv2][query] GET https://runtimeconfig.googleapis.com/v1beta1/projects/tagtokn/configs/instagram/variables/client_id [none]
[debug] [2025-11-11T20:44:45.067Z] >>> [apiv2][query] GET https://runtimeconfig.googleapis.com/v1beta1/projects/tagtokn/configs/instagram/variables/client_secret [none]
[debug] [2025-11-11T20:44:45.070Z] >>> [apiv2][query] GET https://runtimeconfig.googleapis.com/v1beta1/projects/tagtokn/configs/instagram/variables/redirect_uri [none]
[debug] [2025-11-11T20:44:45.072Z] >>> [apiv2][query] GET https://runtimeconfig.googleapis.com/v1beta1/projects/tagtokn/configs/instagram/variables/app_id [none]
[debug] [2025-11-11T20:44:45.075Z] >>> [apiv2][query] GET https://runtimeconfig.googleapis.com/v1beta1/projects/tagtokn/configs/instagram/variables/app_secret [none]
[debug] [2025-11-11T20:44:45.092Z] <<< [apiv2][status] GET https://runtimeconfig.googleapis.com/v1beta1/projects/tagtokn/configs/facebook/variables 200
[debug] [2025-11-11T20:44:45.092Z] <<< [apiv2][body] GET https://runtimeconfig.googleapis.com/v1beta1/projects/tagtokn/configs/facebook/variables {"variables":[{"name":"projects/tagtokn/configs/facebook/variables/app_secret","updateTime":"2025-11-10T22:52:43.946274902Z"},{"name":"projects/tagtokn/configs/facebook/variables/redirect_uri","updateTime":"2025-11-10T22:52:43.947137005Z"},{"name":"projects/tagtokn/configs/facebook/variables/app_id","updateTime":"2025-11-10T22:52:43.968310440Z"}]}
[debug] [2025-11-11T20:44:45.092Z] Checked if tokens are valid: true, expires at: 1762897482748
[debug] [2025-11-11T20:44:45.092Z] Checked if tokens are valid: true, expires at: 1762897482748
[debug] [2025-11-11T20:44:45.092Z] Checked if tokens are valid: true, expires at: 1762897482748
[debug] [2025-11-11T20:44:45.092Z] Checked if tokens are valid: true, expires at: 1762897482748
[debug] [2025-11-11T20:44:45.092Z] Checked if tokens are valid: true, expires at: 1762897482748
[debug] [2025-11-11T20:44:45.092Z] Checked if tokens are valid: true, expires at: 1762897482748
[debug] [2025-11-11T20:44:45.093Z] >>> [apiv2][query] GET https://runtimeconfig.googleapis.com/v1beta1/projects/tagtokn/configs/facebook/variables/app_secret [none]
[debug] [2025-11-11T20:44:45.093Z] >>> [apiv2][query] GET https://runtimeconfig.googleapis.com/v1beta1/projects/tagtokn/configs/facebook/variables/redirect_uri [none]
[debug] [2025-11-11T20:44:45.095Z] >>> [apiv2][query] GET https://runtimeconfig.googleapis.com/v1beta1/projects/tagtokn/configs/facebook/variables/app_id [none]
[debug] [2025-11-11T20:44:45.159Z] <<< [apiv2][status] GET https://runtimeconfig.googleapis.com/v1beta1/projects/tagtokn/configs/frontend/variables/url 200
[debug] [2025-11-11T20:44:45.159Z] <<< [apiv2][body] GET https://runtimeconfig.googleapis.com/v1beta1/projects/tagtokn/configs/frontend/variables/url {"name":"projects/tagtokn/configs/frontend/variables/url","updateTime":"2025-11-09T18:52:20.404780613Z","text":"https://tagtokn.web.app"}
[debug] [2025-11-11T20:44:45.162Z] <<< [apiv2][status] GET https://runtimeconfig.googleapis.com/v1beta1/projects/tagtokn/configs/instagram/variables/client_id 200
[debug] [2025-11-11T20:44:45.162Z] <<< [apiv2][body] GET https://runtimeconfig.googleapis.com/v1beta1/projects/tagtokn/configs/instagram/variables/client_id {"name":"projects/tagtokn/configs/instagram/variables/client_id","updateTime":"2025-11-09T18:52:20.404928930Z","text":"118590099666700"}
[debug] [2025-11-11T20:44:45.197Z] <<< [apiv2][status] GET https://runtimeconfig.googleapis.com/v1beta1/projects/tagtokn/configs/facebook/variables/app_secret 200
[debug] [2025-11-11T20:44:45.197Z] <<< [apiv2][body] GET https://runtimeconfig.googleapis.com/v1beta1/projects/tagtokn/configs/facebook/variables/app_secret {"name":"projects/tagtokn/configs/facebook/variables/app_secret","updateTime":"2025-11-10T22:52:43.946274902Z","text":"4f2d907b6c2a6f48057ec7241acfc798"}
[debug] [2025-11-11T20:44:45.212Z] <<< [apiv2][status] GET https://runtimeconfig.googleapis.com/v1beta1/projects/tagtokn/configs/instagram/variables/app_id 200
[debug] [2025-11-11T20:44:45.213Z] <<< [apiv2][body] GET https://runtimeconfig.googleapis.com/v1beta1/projects/tagtokn/configs/instagram/variables/app_id {"name":"projects/tagtokn/configs/instagram/variables/app_id","updateTime":"2025-11-10T14:07:35.603127230Z","text":"608108222327479"}
[debug] [2025-11-11T20:44:45.215Z] <<< [apiv2][status] GET https://runtimeconfig.googleapis.com/v1beta1/projects/tagtokn/configs/instagram/variables/redirect_uri 200
[debug] [2025-11-11T20:44:45.215Z] <<< [apiv2][body] GET https://runtimeconfig.googleapis.com/v1beta1/projects/tagtokn/configs/instagram/variables/redirect_uri {"name":"projects/tagtokn/configs/instagram/variables/redirect_uri","updateTime":"2025-11-10T14:07:35.603252204Z","text":"https://tagtokn.com/auth/instagram/callback"}
[debug] [2025-11-11T20:44:45.217Z] <<< [apiv2][status] GET https://runtimeconfig.googleapis.com/v1beta1/projects/tagtokn/configs/instagram/variables/app_secret 200
[debug] [2025-11-11T20:44:45.217Z] <<< [apiv2][body] GET https://runtimeconfig.googleapis.com/v1beta1/projects/tagtokn/configs/instagram/variables/app_secret {"name":"projects/tagtokn/configs/instagram/variables/app_secret","updateTime":"2025-11-10T14:07:35.587502217Z","text":"940ff1d1f27b69fd9bf2ae2b23cbf8fd"}
[debug] [2025-11-11T20:44:45.246Z] <<< [apiv2][status] GET https://runtimeconfig.googleapis.com/v1beta1/projects/tagtokn/configs/facebook/variables/redirect_uri 200
[debug] [2025-11-11T20:44:45.246Z] <<< [apiv2][body] GET https://runtimeconfig.googleapis.com/v1beta1/projects/tagtokn/configs/facebook/variables/redirect_uri {"name":"projects/tagtokn/configs/facebook/variables/redirect_uri","updateTime":"2025-11-10T22:52:43.947137005Z","text":"https://tagtokn.com/auth/instagram/callback"}
[debug] [2025-11-11T20:44:45.246Z] <<< [apiv2][status] GET https://runtimeconfig.googleapis.com/v1beta1/projects/tagtokn/configs/instagram/variables/client_secret 200
[debug] [2025-11-11T20:44:45.246Z] <<< [apiv2][body] GET https://runtimeconfig.googleapis.com/v1beta1/projects/tagtokn/configs/instagram/variables/client_secret {"name":"projects/tagtokn/configs/instagram/variables/client_secret","updateTime":"2025-11-09T18:52:20.446258971Z","text":"4f2d907b6c2a6f48057ec7241acfc798"}
[debug] [2025-11-11T20:44:45.249Z] <<< [apiv2][status] GET https://runtimeconfig.googleapis.com/v1beta1/projects/tagtokn/configs/facebook/variables/app_id 200
[debug] [2025-11-11T20:44:45.249Z] <<< [apiv2][body] GET https://runtimeconfig.googleapis.com/v1beta1/projects/tagtokn/configs/facebook/variables/app_id {"name":"projects/tagtokn/configs/facebook/variables/app_id","updateTime":"2025-11-10T22:52:43.968310440Z","text":"608108222327479"}
[debug] [2025-11-11T20:44:45.251Z] Validating nodejs source
[warn] ⚠  functions: package.json indicates an outdated version of firebase-functions. Please upgrade using npm install --save firebase-functions@latest in your functions directory. 
[warn] ⚠  functions: Please note that there will be breaking changes when you upgrade. 
[debug] [2025-11-11T20:44:45.660Z] > [functions] package.json contents: {
  "name": "functions",
  "description": "Cloud Functions for Firebase",
  "scripts": {
    "lint": "eslint . --config eslint.config.js",
    "build": "tsc",
    "serve": "npm run build && firebase emulators:start --only functions",
    "shell": "npm run build && firebase functions:shell",
    "start": "npm run shell",
    "deploy": "firebase deploy --only functions",
    "logs": "firebase functions:log"
  },
  "engines": {
    "node": "20"
  },
  "main": "lib/index.js",
  "dependencies": {
    "@types/express": "^4.17.21",
    "axios": "^1.13.2",
    "cors": "^2.8.5",
    "dotenv": "^17.2.3",
    "firebase-admin": "^13.6.0",
    "firebase-functions": "^6.6.0"
  },
  "devDependencies": {
    "@types/cors": "^2.8.17",
    "@types/node": "^18.15.11",
    "@typescript-eslint/eslint-plugin": "^5.12.0",
    "@typescript-eslint/parser": "^5.12.0",
    "eslint": "^8.9.0",
    "eslint-config-google": "^0.14.0",
    "eslint-plugin-import": "^2.25.4",
    "typescript": "^5.0.0"
  },
  "private": true
}
[debug] [2025-11-11T20:44:45.660Z] Building nodejs source
[info] i  functions: Loading and analyzing source code for codebase default to determine what to deploy 
[debug] [2025-11-11T20:44:45.661Z] Could not find functions.yaml. Must use http discovery
[debug] [2025-11-11T20:44:45.665Z] Found firebase-functions binary at '/Users/harryscott/influtoken/functions/node_modules/.bin/firebase-functions'
[info] Serving at port 8421

[info] Loading .env from: /Users/harryscott/influtoken/functions/.env

[info] [dotenv@17.2.3] injecting env (3) from .env -- tip: ⚙️  write to custom object with { processEnv: myObject }

[info] Environment Variables: {
  FACEBOOK_APP_ID: '***7479',
  FACEBOOK_REDIRECT_URI: 'https://tagtokn.com/auth/instagram/callback',
  NODE_ENV: 'development'
}

[debug] [2025-11-11T20:44:45.981Z] Got response from /__/functions.yaml {"endpoints":{"generateFacebookAuthUrl":{"availableMemoryMb":null,"timeoutSeconds":null,"minInstances":null,"maxInstances":null,"ingressSettings":null,"concurrency":null,"serviceAccountEmail":null,"vpc":null,"platform":"gcfv2","labels":{},"httpsTrigger":{},"entryPoint":"generateFacebookAuthUrl"},"handleFacebookCallback":{"availableMemoryMb":null,"timeoutSeconds":null,"minInstances":null,"maxInstances":null,"ingressSettings":null,"concurrency":null,"serviceAccountEmail":null,"vpc":null,"platform":"gcfv2","labels":{},"httpsTrigger":{},"entryPoint":"handleFacebookCallback"},"createCustomToken":{"availableMemoryMb":null,"timeoutSeconds":null,"minInstances":null,"maxInstances":null,"ingressSettings":null,"concurrency":null,"serviceAccountEmail":null,"vpc":null,"platform":"gcfv2","labels":{},"httpsTrigger":{},"entryPoint":"createCustomToken"},"requestTagtoknLiquidity":{"availableMemoryMb":null,"timeoutSeconds":null,"minInstances":null,"maxInstances":null,"ingressSettings":null,"concurrency":null,"serviceAccountEmail":null,"vpc":null,"platform":"gcfv2","labels":{},"callableTrigger":{},"entryPoint":"requestTagtoknLiquidity"},"generateOAuthState":{"availableMemoryMb":null,"timeoutSeconds":null,"minInstances":null,"maxInstances":null,"ingressSettings":null,"concurrency":null,"serviceAccountEmail":null,"vpc":null,"platform":"gcfv2","labels":{},"httpsTrigger":{},"entryPoint":"generateOAuthState"},"exchangeInstagramCode":{"availableMemoryMb":null,"timeoutSeconds":null,"minInstances":null,"maxInstances":null,"ingressSettings":null,"concurrency":null,"serviceAccountEmail":null,"vpc":null,"platform":"gcfv2","labels":{},"httpsTrigger":{},"entryPoint":"exchangeInstagramCode"}},"specVersion":"v1alpha1","requiredAPIs":[],"extensions":{}}
[info] i  extensions: ensuring required API firebaseextensions.googleapis.com is enabled... 
[debug] [2025-11-11T20:44:50.013Z] > command requires scopes: ["email","openid","https://www.googleapis.com/auth/cloudplatformprojects.readonly","https://www.googleapis.com/auth/firebase","https://www.googleapis.com/auth/cloud-platform"]
[debug] [2025-11-11T20:44:50.013Z] > authorizing via signed-in user (harryclementscott@gmail.com)
[debug] [2025-11-11T20:44:50.013Z] [iam] checking project tagtokn for permissions ["firebase.projects.get","firebaseextensions.instances.list"]
[debug] [2025-11-11T20:44:50.013Z] Checked if tokens are valid: true, expires at: 1762897482748
[debug] [2025-11-11T20:44:50.013Z] Checked if tokens are valid: true, expires at: 1762897482748
[debug] [2025-11-11T20:44:50.014Z] >>> [apiv2][query] POST https://cloudresourcemanager.googleapis.com/v1/projects/tagtokn:testIamPermissions [none]
[debug] [2025-11-11T20:44:50.014Z] >>> [apiv2][(partial)header] POST https://cloudresourcemanager.googleapis.com/v1/projects/tagtokn:testIamPermissions x-goog-quota-user=projects/tagtokn
[debug] [2025-11-11T20:44:50.014Z] >>> [apiv2][body] POST https://cloudresourcemanager.googleapis.com/v1/projects/tagtokn:testIamPermissions {"permissions":["firebase.projects.get","firebaseextensions.instances.list"]}
[debug] [2025-11-11T20:44:50.250Z] <<< [apiv2][status] POST https://cloudresourcemanager.googleapis.com/v1/projects/tagtokn:testIamPermissions 200
[debug] [2025-11-11T20:44:50.250Z] <<< [apiv2][body] POST https://cloudresourcemanager.googleapis.com/v1/projects/tagtokn:testIamPermissions {"permissions":["firebase.projects.get","firebaseextensions.instances.list"]}
[debug] [2025-11-11T20:44:50.251Z] Checked if tokens are valid: true, expires at: 1762897482748
[debug] [2025-11-11T20:44:50.251Z] Checked if tokens are valid: true, expires at: 1762897482748
[debug] [2025-11-11T20:44:50.252Z] >>> [apiv2][query] GET https://firebaseextensions.googleapis.com/v1beta/projects/tagtokn/instances pageSize=100&pageToken=
[debug] [2025-11-11T20:44:50.671Z] <<< [apiv2][status] GET https://firebaseextensions.googleapis.com/v1beta/projects/tagtokn/instances 200
[debug] [2025-11-11T20:44:50.671Z] <<< [apiv2][body] GET https://firebaseextensions.googleapis.com/v1beta/projects/tagtokn/instances {}
[info] i  functions: Loaded environment variables from .env. 
[info] i  functions: preparing functions directory for uploading... 
[info] i  functions: packaged /Users/harryscott/influtoken/functions (90.24 KB) for uploading 
[debug] [2025-11-11T20:44:50.710Z] Checked if tokens are valid: true, expires at: 1762897482748
[debug] [2025-11-11T20:44:50.710Z] Checked if tokens are valid: true, expires at: 1762897482748
[debug] [2025-11-11T20:44:50.710Z] >>> [apiv2][query] GET https://cloudfunctions.googleapis.com/v1/projects/tagtokn/locations/-/functions [none]
[debug] [2025-11-11T20:44:51.355Z] <<< [apiv2][status] GET https://cloudfunctions.googleapis.com/v1/projects/tagtokn/locations/-/functions 200
[debug] [2025-11-11T20:44:51.355Z] <<< [apiv2][body] GET https://cloudfunctions.googleapis.com/v1/projects/tagtokn/locations/-/functions {}
[debug] [2025-11-11T20:44:51.356Z] Checked if tokens are valid: true, expires at: 1762897482748
[debug] [2025-11-11T20:44:51.356Z] Checked if tokens are valid: true, expires at: 1762897482748
[debug] [2025-11-11T20:44:51.356Z] >>> [apiv2][query] GET https://cloudfunctions.googleapis.com/v2/projects/tagtokn/locations/-/functions filter=environment%3D%22GEN_2%22
[debug] [2025-11-11T20:44:51.763Z] <<< [apiv2][status] GET https://cloudfunctions.googleapis.com/v2/projects/tagtokn/locations/-/functions 200
[debug] [2025-11-11T20:44:51.764Z] <<< [apiv2][body] GET https://cloudfunctions.googleapis.com/v2/projects/tagtokn/locations/-/functions {"functions":[{"name":"projects/tagtokn/locations/us-central1/functions/generateOAuthState","buildConfig":{"build":"projects/1087424771839/locations/us-central1/builds/2356e487-0846-4705-8090-8bc1936bf8b9","runtime":"nodejs20","entryPoint":"generateOAuthState","source":{"storageSource":{"bucket":"gcf-v2-sources-1087424771839-us-central1","object":"generateOAuthState/function-source.zip","generation":"1762828228095638"}},"environmentVariables":{"GOOGLE_NODE_RUN_SCRIPTS":""},"dockerRepository":"projects/tagtokn/locations/us-central1/repositories/gcf-artifacts","sourceProvenance":{"resolvedStorageSource":{"bucket":"gcf-v2-sources-1087424771839-us-central1","object":"generateOAuthState/function-source.zip","generation":"1762828228095638"}},"dockerRegistry":"ARTIFACT_REGISTRY","serviceAccount":"projects/tagtokn/serviceAccounts/1087424771839-compute@developer.gserviceaccount.com","automaticUpdatePolicy":{}},"serviceConfig":{"service":"projects/tagtokn/locations/us-central1/services/generateoauthstate","timeoutSeconds":60,"environmentVariables":{"FACEBOOK_APP_ID":"608108222327479","FACEBOOK_APP_SECRET":"4f2d907b6c2a6f48057ec7241acfc798","FACEBOOK_REDIRECT_URI":"https://tagtokn.com/auth/instagram/callback","FIREBASE_CONFIG":"{\"projectId\":\"tagtokn\",\"storageBucket\":\"tagtokn.firebasestorage.app\"}","GCLOUD_PROJECT":"tagtokn","EVENTARC_CLOUD_EVENT_SOURCE":"projects/tagtokn/locations/us-central1/services/generateOAuthState","FUNCTION_TARGET":"generateOAuthState","LOG_EXECUTION_ID":"true","FUNCTION_SIGNATURE_TYPE":"http"},"maxInstanceCount":20,"ingressSettings":"ALLOW_ALL","uri":"https://generateoauthstate-exp54e56qa-uc.a.run.app","serviceAccountEmail":"1087424771839-compute@developer.gserviceaccount.com","availableMemory":"256Mi","allTrafficOnLatestRevision":true,"revision":"generateoauthstate-00008-peb","maxInstanceRequestConcurrency":80,"availableCpu":"1"},"state":"ACTIVE","updateTime":"2025-11-11T02:30:36.283606652Z","labels":{"firebase-functions-hash":"e111bbf54809b7b69b470d7802f9af388e0db5dd","deployment-tool":"cli-firebase"},"environment":"GEN_2","url":"https://us-central1-tagtokn.cloudfunctions.net/generateOAuthState","createTime":"2025-11-10T19:56:57.364031027Z","satisfiesPzi":true},{"name":"projects/tagtokn/locations/us-central1/functions/createCustomToken","buildConfig":{"build":"projects/1087424771839/locations/us-central1/builds/2356e487-0846-4705-8090-8bc1936bf8b9","runtime":"nodejs20","entryPoint":"createCustomToken","source":{"storageSource":{"bucket":"gcf-v2-sources-1087424771839-us-central1","object":"createCustomToken/function-source.zip","generation":"1762828228041411"}},"environmentVariables":{"GOOGLE_NODE_RUN_SCRIPTS":""},"dockerRepository":"projects/tagtokn/locations/us-central1/repositories/gcf-artifacts","sourceProvenance":{"resolvedStorageSource":{"bucket":"gcf-v2-sources-1087424771839-us-central1","object":"createCustomToken/function-source.zip","generation":"1762828228041411"}},"dockerRegistry":"ARTIFACT_REGISTRY","serviceAccount":"projects/tagtokn/serviceAccounts/1087424771839-compute@developer.gserviceaccount.com","automaticUpdatePolicy":{}},"serviceConfig":{"service":"projects/tagtokn/locations/us-central1/services/createcustomtoken","timeoutSeconds":60,"environmentVariables":{"FACEBOOK_APP_ID":"608108222327479","FACEBOOK_APP_SECRET":"4f2d907b6c2a6f48057ec7241acfc798","FACEBOOK_REDIRECT_URI":"https://tagtokn.com/auth/instagram/callback","FIREBASE_CONFIG":"{\"projectId\":\"tagtokn\",\"storageBucket\":\"tagtokn.firebasestorage.app\"}","GCLOUD_PROJECT":"tagtokn","EVENTARC_CLOUD_EVENT_SOURCE":"projects/tagtokn/locations/us-central1/services/createCustomToken","FUNCTION_TARGET":"createCustomToken","LOG_EXECUTION_ID":"true","FUNCTION_SIGNATURE_TYPE":"http"},"maxInstanceCount":20,"ingressSettings":"ALLOW_ALL","uri":"https://createcustomtoken-exp54e56qa-uc.a.run.app","serviceAccountEmail":"1087424771839-compute@developer.gserviceaccount.com","availableMemory":"256Mi","allTrafficOnLatestRevision":true,"revision":"createcustomtoken-00008-nok","maxInstanceRequestConcurrency":80,"availableCpu":"1"},"state":"ACTIVE","updateTime":"2025-11-11T02:30:35.524259312Z","labels":{"deployment-tool":"cli-firebase","firebase-functions-hash":"e111bbf54809b7b69b470d7802f9af388e0db5dd"},"environment":"GEN_2","url":"https://us-central1-tagtokn.cloudfunctions.net/createCustomToken","createTime":"2025-11-10T19:56:57.361924052Z","satisfiesPzi":true},{"name":"projects/tagtokn/locations/us-central1/functions/requestTagtoknLiquidity","buildConfig":{"build":"projects/1087424771839/locations/us-central1/builds/2356e487-0846-4705-8090-8bc1936bf8b9","runtime":"nodejs20","entryPoint":"requestTagtoknLiquidity","source":{"storageSource":{"bucket":"gcf-v2-sources-1087424771839-us-central1","object":"requestTagtoknLiquidity/function-source.zip","generation":"1762828228103507"}},"environmentVariables":{"GOOGLE_NODE_RUN_SCRIPTS":""},"dockerRepository":"projects/tagtokn/locations/us-central1/repositories/gcf-artifacts","sourceProvenance":{"resolvedStorageSource":{"bucket":"gcf-v2-sources-1087424771839-us-central1","object":"requestTagtoknLiquidity/function-source.zip","generation":"1762828228103507"}},"dockerRegistry":"ARTIFACT_REGISTRY","serviceAccount":"projects/tagtokn/serviceAccounts/1087424771839-compute@developer.gserviceaccount.com","automaticUpdatePolicy":{}},"serviceConfig":{"service":"projects/tagtokn/locations/us-central1/services/requesttagtoknliquidity","timeoutSeconds":60,"environmentVariables":{"FACEBOOK_APP_ID":"608108222327479","FACEBOOK_APP_SECRET":"4f2d907b6c2a6f48057ec7241acfc798","FACEBOOK_REDIRECT_URI":"https://tagtokn.com/auth/instagram/callback","FIREBASE_CONFIG":"{\"projectId\":\"tagtokn\",\"storageBucket\":\"tagtokn.firebasestorage.app\"}","GCLOUD_PROJECT":"tagtokn","EVENTARC_CLOUD_EVENT_SOURCE":"projects/tagtokn/locations/us-central1/services/requestTagtoknLiquidity","FUNCTION_TARGET":"requestTagtoknLiquidity","LOG_EXECUTION_ID":"true","FUNCTION_SIGNATURE_TYPE":"http"},"maxInstanceCount":20,"ingressSettings":"ALLOW_ALL","uri":"https://requesttagtoknliquidity-exp54e56qa-uc.a.run.app","serviceAccountEmail":"1087424771839-compute@developer.gserviceaccount.com","availableMemory":"256Mi","allTrafficOnLatestRevision":true,"revision":"requesttagtoknliquidity-00008-sed","maxInstanceRequestConcurrency":80,"availableCpu":"1"},"state":"ACTIVE","updateTime":"2025-11-11T02:30:35.110805043Z","labels":{"firebase-functions-hash":"e111bbf54809b7b69b470d7802f9af388e0db5dd","deployment-tool":"cli-firebase","deployment-callable":"true"},"environment":"GEN_2","url":"https://us-central1-tagtokn.cloudfunctions.net/requestTagtoknLiquidity","createTime":"2025-11-10T19:56:57.346936869Z","satisfiesPzi":true},{"name":"projects/tagtokn/locations/us-central1/functions/generateFacebookAuthUrl","buildConfig":{"build":"projects/1087424771839/locations/us-central1/builds/2356e487-0846-4705-8090-8bc1936bf8b9","runtime":"nodejs20","entryPoint":"generateFacebookAuthUrl","source":{"storageSource":{"bucket":"gcf-v2-sources-1087424771839-us-central1","object":"generateFacebookAuthUrl/function-source.zip","generation":"1762828179816219"}},"environmentVariables":{"GOOGLE_NODE_RUN_SCRIPTS":""},"dockerRepository":"projects/tagtokn/locations/us-central1/repositories/gcf-artifacts","sourceProvenance":{"resolvedStorageSource":{"bucket":"gcf-v2-sources-1087424771839-us-central1","object":"generateFacebookAuthUrl/function-source.zip","generation":"1762828179816219"}},"dockerRegistry":"ARTIFACT_REGISTRY","serviceAccount":"projects/tagtokn/serviceAccounts/1087424771839-compute@developer.gserviceaccount.com","automaticUpdatePolicy":{}},"serviceConfig":{"service":"projects/tagtokn/locations/us-central1/services/generatefacebookauthurl","timeoutSeconds":60,"environmentVariables":{"FACEBOOK_APP_ID":"608108222327479","FACEBOOK_APP_SECRET":"4f2d907b6c2a6f48057ec7241acfc798","FACEBOOK_REDIRECT_URI":"https://tagtokn.com/auth/instagram/callback","FIREBASE_CONFIG":"{\"projectId\":\"tagtokn\",\"storageBucket\":\"tagtokn.firebasestorage.app\"}","GCLOUD_PROJECT":"tagtokn","EVENTARC_CLOUD_EVENT_SOURCE":"projects/tagtokn/locations/us-central1/services/generateFacebookAuthUrl","FUNCTION_TARGET":"generateFacebookAuthUrl","LOG_EXECUTION_ID":"true"},"maxInstanceCount":20,"ingressSettings":"ALLOW_ALL","uri":"https://generatefacebookauthurl-exp54e56qa-uc.a.run.app","serviceAccountEmail":"1087424771839-compute@developer.gserviceaccount.com","availableMemory":"256Mi","allTrafficOnLatestRevision":true,"revision":"generatefacebookauthurl-00014-woh","maxInstanceRequestConcurrency":80,"availableCpu":"1"},"state":"ACTIVE","updateTime":"2025-11-11T02:30:28.731204617Z","labels":{"deployment-tool":"cli-firebase","firebase-functions-hash":"e111bbf54809b7b69b470d7802f9af388e0db5dd"},"environment":"GEN_2","url":"https://us-central1-tagtokn.cloudfunctions.net/generateFacebookAuthUrl","createTime":"2025-11-10T19:55:58.850688435Z","satisfiesPzi":true},{"name":"projects/tagtokn/locations/us-central1/functions/exchangeInstagramCode","buildConfig":{"build":"projects/1087424771839/locations/us-central1/builds/2356e487-0846-4705-8090-8bc1936bf8b9","runtime":"nodejs20","entryPoint":"exchangeInstagramCode","source":{"storageSource":{"bucket":"gcf-v2-sources-1087424771839-us-central1","object":"exchangeInstagramCode/function-source.zip","generation":"1762828228012226"}},"environmentVariables":{"GOOGLE_NODE_RUN_SCRIPTS":""},"dockerRepository":"projects/tagtokn/locations/us-central1/repositories/gcf-artifacts","sourceProvenance":{"resolvedStorageSource":{"bucket":"gcf-v2-sources-1087424771839-us-central1","object":"exchangeInstagramCode/function-source.zip","generation":"1762828228012226"}},"dockerRegistry":"ARTIFACT_REGISTRY","serviceAccount":"projects/tagtokn/serviceAccounts/1087424771839-compute@developer.gserviceaccount.com","automaticUpdatePolicy":{}},"serviceConfig":{"service":"projects/tagtokn/locations/us-central1/services/exchangeinstagramcode","timeoutSeconds":60,"environmentVariables":{"FACEBOOK_APP_ID":"608108222327479","FACEBOOK_APP_SECRET":"4f2d907b6c2a6f48057ec7241acfc798","FACEBOOK_REDIRECT_URI":"https://tagtokn.com/auth/instagram/callback","FIREBASE_CONFIG":"{\"projectId\":\"tagtokn\",\"storageBucket\":\"tagtokn.firebasestorage.app\"}","GCLOUD_PROJECT":"tagtokn","EVENTARC_CLOUD_EVENT_SOURCE":"projects/tagtokn/locations/us-central1/services/exchangeInstagramCode","FUNCTION_TARGET":"exchangeInstagramCode","LOG_EXECUTION_ID":"true","FUNCTION_SIGNATURE_TYPE":"http"},"maxInstanceCount":20,"ingressSettings":"ALLOW_ALL","uri":"https://exchangeinstagramcode-exp54e56qa-uc.a.run.app","serviceAccountEmail":"1087424771839-compute@developer.gserviceaccount.com","availableMemory":"256Mi","allTrafficOnLatestRevision":true,"revision":"exchangeinstagramcode-00008-xan","maxInstanceRequestConcurrency":80,"availableCpu":"1"},"state":"ACTIVE","updateTime":"2025-11-11T02:30:35.442985573Z","labels":{"deployment-tool":"cli-firebase","firebase-functions-hash":"e111bbf54809b7b69b470d7802f9af388e0db5dd"},"environment":"GEN_2","url":"https://us-central1-tagtokn.cloudfunctions.net/exchangeInstagramCode","createTime":"2025-11-10T19:56:57.362274769Z","satisfiesPzi":true},{"name":"projects/tagtokn/locations/us-central1/functions/handleFacebookCallback","buildConfig":{"build":"projects/1087424771839/locations/us-central1/builds/2356e487-0846-4705-8090-8bc1936bf8b9","runtime":"nodejs20","entryPoint":"handleFacebookCallback","source":{"storageSource":{"bucket":"gcf-v2-sources-1087424771839-us-central1","object":"handleFacebookCallback/function-source.zip","generation":"1762828228016260"}},"environmentVariables":{"GOOGLE_NODE_RUN_SCRIPTS":""},"dockerRepository":"projects/tagtokn/locations/us-central1/repositories/gcf-artifacts","sourceProvenance":{"resolvedStorageSource":{"bucket":"gcf-v2-sources-1087424771839-us-central1","object":"handleFacebookCallback/function-source.zip","generation":"1762828228016260"}},"dockerRegistry":"ARTIFACT_REGISTRY","serviceAccount":"projects/tagtokn/serviceAccounts/1087424771839-compute@developer.gserviceaccount.com","automaticUpdatePolicy":{}},"serviceConfig":{"service":"projects/tagtokn/locations/us-central1/services/handlefacebookcallback","timeoutSeconds":60,"environmentVariables":{"FACEBOOK_APP_ID":"608108222327479","FACEBOOK_APP_SECRET":"4f2d907b6c2a6f48057ec7241acfc798","FACEBOOK_REDIRECT_URI":"https://tagtokn.com/auth/instagram/callback","FIREBASE_CONFIG":"{\"projectId\":\"tagtokn\",\"storageBucket\":\"tagtokn.firebasestorage.app\"}","GCLOUD_PROJECT":"tagtokn","EVENTARC_CLOUD_EVENT_SOURCE":"projects/tagtokn/locations/us-central1/services/handleFacebookCallback","FUNCTION_TARGET":"handleFacebookCallback","LOG_EXECUTION_ID":"true","FUNCTION_SIGNATURE_TYPE":"http"},"maxInstanceCount":20,"ingressSettings":"ALLOW_ALL","uri":"https://handlefacebookcallback-exp54e56qa-uc.a.run.app","serviceAccountEmail":"1087424771839-compute@developer.gserviceaccount.com","availableMemory":"256Mi","allTrafficOnLatestRevision":true,"revision":"handlefacebookcallback-00008-sit","maxInstanceRequestConcurrency":80,"availableCpu":"1"},"state":"ACTIVE","updateTime":"2025-11-11T02:30:36.524547555Z","labels":{"deployment-tool":"cli-firebase","firebase-functions-hash":"e111bbf54809b7b69b470d7802f9af388e0db5dd"},"environment":"GEN_2","url":"https://us-central1-tagtokn.cloudfunctions.net/handleFacebookCallback","createTime":"2025-11-10T19:56:57.339415527Z","satisfiesPzi":true}]}
[info] i  functions: ensuring required API run.googleapis.com is enabled... 
[info] i  functions: ensuring required API eventarc.googleapis.com is enabled... 
[info] i  functions: ensuring required API pubsub.googleapis.com is enabled... 
[info] i  functions: ensuring required API storage.googleapis.com is enabled... 
[info] i  functions: generating the service identity for pubsub.googleapis.com... 
[debug] [2025-11-11T20:44:51.766Z] Checked if tokens are valid: true, expires at: 1762897482748
[debug] [2025-11-11T20:44:51.766Z] Checked if tokens are valid: true, expires at: 1762897482748
[info] i  functions: generating the service identity for eventarc.googleapis.com... 
[debug] [2025-11-11T20:44:51.766Z] Checked if tokens are valid: true, expires at: 1762897482748
[debug] [2025-11-11T20:44:51.767Z] Checked if tokens are valid: true, expires at: 1762897482748
[debug] [2025-11-11T20:44:51.767Z] >>> [apiv2][query] POST https://serviceusage.googleapis.com/v1beta1/projects/1087424771839/services/pubsub.googleapis.com:generateServiceIdentity [none]
[debug] [2025-11-11T20:44:51.767Z] >>> [apiv2][(partial)header] POST https://serviceusage.googleapis.com/v1beta1/projects/1087424771839/services/pubsub.googleapis.com:generateServiceIdentity x-goog-quota-user=projects/1087424771839
[debug] [2025-11-11T20:44:51.767Z] >>> [apiv2][body] POST https://serviceusage.googleapis.com/v1beta1/projects/1087424771839/services/pubsub.googleapis.com:generateServiceIdentity {}
[debug] [2025-11-11T20:44:51.767Z] >>> [apiv2][query] POST https://serviceusage.googleapis.com/v1beta1/projects/1087424771839/services/eventarc.googleapis.com:generateServiceIdentity [none]
[debug] [2025-11-11T20:44:51.767Z] >>> [apiv2][(partial)header] POST https://serviceusage.googleapis.com/v1beta1/projects/1087424771839/services/eventarc.googleapis.com:generateServiceIdentity x-goog-quota-user=projects/1087424771839
[debug] [2025-11-11T20:44:51.767Z] >>> [apiv2][body] POST https://serviceusage.googleapis.com/v1beta1/projects/1087424771839/services/eventarc.googleapis.com:generateServiceIdentity {}
[debug] [2025-11-11T20:44:52.316Z] <<< [apiv2][status] POST https://serviceusage.googleapis.com/v1beta1/projects/1087424771839/services/pubsub.googleapis.com:generateServiceIdentity 200
[debug] [2025-11-11T20:44:52.316Z] <<< [apiv2][body] POST https://serviceusage.googleapis.com/v1beta1/projects/1087424771839/services/pubsub.googleapis.com:generateServiceIdentity {"name":"operations/finished.DONE_OPERATION","done":true,"response":{"@type":"type.googleapis.com/google.api.serviceusage.v1beta1.ServiceIdentity","email":"service-1087424771839@gcp-sa-pubsub.iam.gserviceaccount.com","uniqueId":"116297205806583701714"}}
[debug] [2025-11-11T20:44:52.317Z] <<< [apiv2][status] POST https://serviceusage.googleapis.com/v1beta1/projects/1087424771839/services/eventarc.googleapis.com:generateServiceIdentity 200
[debug] [2025-11-11T20:44:52.317Z] <<< [apiv2][body] POST https://serviceusage.googleapis.com/v1beta1/projects/1087424771839/services/eventarc.googleapis.com:generateServiceIdentity {"name":"operations/finished.DONE_OPERATION","done":true,"response":{"@type":"type.googleapis.com/google.api.serviceusage.v1beta1.ServiceIdentity","email":"service-1087424771839@gcp-sa-eventarc.iam.gserviceaccount.com","uniqueId":"116110339833544736440"}}
[debug] [2025-11-11T20:44:52.319Z] Checked if tokens are valid: true, expires at: 1762897482748
[debug] [2025-11-11T20:44:52.319Z] Checked if tokens are valid: true, expires at: 1762897482748
[debug] [2025-11-11T20:44:52.320Z] >>> [apiv2][query] GET https://cloudresourcemanager.googleapis.com/v1/projects/tagtokn [none]
[debug] [2025-11-11T20:44:52.422Z] <<< [apiv2][status] GET https://cloudresourcemanager.googleapis.com/v1/projects/tagtokn 200
[debug] [2025-11-11T20:44:52.422Z] <<< [apiv2][body] GET https://cloudresourcemanager.googleapis.com/v1/projects/tagtokn {"projectNumber":"1087424771839","projectId":"tagtokn","lifecycleState":"ACTIVE","name":"TagTokn","labels":{"firebase":"enabled","firebase-core":"disabled"},"createTime":"2025-06-05T12:27:16.738695Z"}
[debug] [2025-11-11T20:44:52.422Z] Checked if tokens are valid: true, expires at: 1762897482748
[debug] [2025-11-11T20:44:52.422Z] Checked if tokens are valid: true, expires at: 1762897482748
[debug] [2025-11-11T20:44:52.422Z] >>> [apiv2][query] GET https://compute.googleapis.com/compute/v1/projects/1087424771839 [none]
[debug] [2025-11-11T20:44:52.571Z] <<< [apiv2][status] GET https://compute.googleapis.com/compute/v1/projects/1087424771839 403
[debug] [2025-11-11T20:44:52.571Z] <<< [apiv2][body] GET https://compute.googleapis.com/compute/v1/projects/1087424771839 {"error":{"code":403,"message":"Compute Engine API has not been used in project 1087424771839 before or it is disabled. Enable it by visiting https://console.developers.google.com/apis/api/compute.googleapis.com/overview?project=1087424771839 then retry. If you enabled this API recently, wait a few minutes for the action to propagate to our systems and retry.","errors":[{"message":"Compute Engine API has not been used in project 1087424771839 before or it is disabled. Enable it by visiting https://console.developers.google.com/apis/api/compute.googleapis.com/overview?project=1087424771839 then retry. If you enabled this API recently, wait a few minutes for the action to propagate to our systems and retry.","domain":"usageLimits","reason":"accessNotConfigured","extendedHelp":"https://console.developers.google.com"}],"status":"PERMISSION_DENIED","details":[{"@type":"type.googleapis.com/google.rpc.ErrorInfo","reason":"SERVICE_DISABLED","domain":"googleapis.com","metadata":{"serviceTitle":"Compute Engine API","service":"compute.googleapis.com","activationUrl":"https://console.developers.google.com/apis/api/compute.googleapis.com/overview?project=1087424771839","containerInfo":"1087424771839","consumer":"projects/1087424771839"}},{"@type":"type.googleapis.com/google.rpc.LocalizedMessage","locale":"en-US","message":"Compute Engine API has not been used in project 1087424771839 before or it is disabled. Enable it by visiting https://console.developers.google.com/apis/api/compute.googleapis.com/overview?project=1087424771839 then retry. If you enabled this API recently, wait a few minutes for the action to propagate to our systems and retry."},{"@type":"type.googleapis.com/google.rpc.Help","links":[{"description":"Google developers console API activation","url":"https://console.developers.google.com/apis/api/compute.googleapis.com/overview?project=1087424771839"}]}]}}
[debug] [2025-11-11T20:44:52.572Z] unable to look up default compute service account. Falling back to 1087424771839-compute@developer.gserviceaccount.com. Error: {"name":"FirebaseError","children":[],"context":{"body":{"error":{"code":403,"message":"Compute Engine API has not been used in project 1087424771839 before or it is disabled. Enable it by visiting https://console.developers.google.com/apis/api/compute.googleapis.com/overview?project=1087424771839 then retry. If you enabled this API recently, wait a few minutes for the action to propagate to our systems and retry.","errors":[{"message":"Compute Engine API has not been used in project 1087424771839 before or it is disabled. Enable it by visiting https://console.developers.google.com/apis/api/compute.googleapis.com/overview?project=1087424771839 then retry. If you enabled this API recently, wait a few minutes for the action to propagate to our systems and retry.","domain":"usageLimits","reason":"accessNotConfigured","extendedHelp":"https://console.developers.google.com"}],"status":"PERMISSION_DENIED","details":[{"@type":"type.googleapis.com/google.rpc.ErrorInfo","reason":"SERVICE_DISABLED","domain":"googleapis.com","metadata":{"serviceTitle":"Compute Engine API","service":"compute.googleapis.com","activationUrl":"https://console.developers.google.com/apis/api/compute.googleapis.com/overview?project=1087424771839","containerInfo":"1087424771839","consumer":"projects/1087424771839"}},{"@type":"type.googleapis.com/google.rpc.LocalizedMessage","locale":"en-US","message":"Compute Engine API has not been used in project 1087424771839 before or it is disabled. Enable it by visiting https://console.developers.google.com/apis/api/compute.googleapis.com/overview?project=1087424771839 then retry. If you enabled this API recently, wait a few minutes for the action to propagate to our systems and retry."},{"@type":"type.googleapis.com/google.rpc.Help","links":[{"description":"Google developers console API activation","url":"https://console.developers.google.com/apis/api/compute.googleapis.com/overview?project=1087424771839"}]}]}},"response":{"statusCode":403}},"exit":1,"message":"Request to https://compute.googleapis.com/compute/v1/projects/1087424771839 had HTTP Error: 403, Compute Engine API has not been used in project 1087424771839 before or it is disabled. Enable it by visiting https://console.developers.google.com/apis/api/compute.googleapis.com/overview?project=1087424771839 then retry. If you enabled this API recently, wait a few minutes for the action to propagate to our systems and retry.","status":403}
[debug] [2025-11-11T20:44:52.572Z] Checked if tokens are valid: true, expires at: 1762897482748
[debug] [2025-11-11T20:44:52.572Z] Checked if tokens are valid: true, expires at: 1762897482748
[debug] [2025-11-11T20:44:52.572Z] >>> [apiv2][query] GET https://compute.googleapis.com/compute/v1/projects/1087424771839 [none]
[debug] [2025-11-11T20:44:52.624Z] <<< [apiv2][status] GET https://compute.googleapis.com/compute/v1/projects/1087424771839 403
[debug] [2025-11-11T20:44:52.624Z] <<< [apiv2][body] GET https://compute.googleapis.com/compute/v1/projects/1087424771839 {"error":{"code":403,"message":"Compute Engine API has not been used in project 1087424771839 before or it is disabled. Enable it by visiting https://console.developers.google.com/apis/api/compute.googleapis.com/overview?project=1087424771839 then retry. If you enabled this API recently, wait a few minutes for the action to propagate to our systems and retry.","errors":[{"message":"Compute Engine API has not been used in project 1087424771839 before or it is disabled. Enable it by visiting https://console.developers.google.com/apis/api/compute.googleapis.com/overview?project=1087424771839 then retry. If you enabled this API recently, wait a few minutes for the action to propagate to our systems and retry.","domain":"usageLimits","reason":"accessNotConfigured","extendedHelp":"https://console.developers.google.com"}],"status":"PERMISSION_DENIED","details":[{"@type":"type.googleapis.com/google.rpc.ErrorInfo","reason":"SERVICE_DISABLED","domain":"googleapis.com","metadata":{"consumer":"projects/1087424771839","activationUrl":"https://console.developers.google.com/apis/api/compute.googleapis.com/overview?project=1087424771839","containerInfo":"1087424771839","serviceTitle":"Compute Engine API","service":"compute.googleapis.com"}},{"@type":"type.googleapis.com/google.rpc.LocalizedMessage","locale":"en-US","message":"Compute Engine API has not been used in project 1087424771839 before or it is disabled. Enable it by visiting https://console.developers.google.com/apis/api/compute.googleapis.com/overview?project=1087424771839 then retry. If you enabled this API recently, wait a few minutes for the action to propagate to our systems and retry."},{"@type":"type.googleapis.com/google.rpc.Help","links":[{"description":"Google developers console API activation","url":"https://console.developers.google.com/apis/api/compute.googleapis.com/overview?project=1087424771839"}]}]}}
[debug] [2025-11-11T20:44:52.624Z] unable to look up default compute service account. Falling back to 1087424771839-compute@developer.gserviceaccount.com. Error: {"name":"FirebaseError","children":[],"context":{"body":{"error":{"code":403,"message":"Compute Engine API has not been used in project 1087424771839 before or it is disabled. Enable it by visiting https://console.developers.google.com/apis/api/compute.googleapis.com/overview?project=1087424771839 then retry. If you enabled this API recently, wait a few minutes for the action to propagate to our systems and retry.","errors":[{"message":"Compute Engine API has not been used in project 1087424771839 before or it is disabled. Enable it by visiting https://console.developers.google.com/apis/api/compute.googleapis.com/overview?project=1087424771839 then retry. If you enabled this API recently, wait a few minutes for the action to propagate to our systems and retry.","domain":"usageLimits","reason":"accessNotConfigured","extendedHelp":"https://console.developers.google.com"}],"status":"PERMISSION_DENIED","details":[{"@type":"type.googleapis.com/google.rpc.ErrorInfo","reason":"SERVICE_DISABLED","domain":"googleapis.com","metadata":{"consumer":"projects/1087424771839","activationUrl":"https://console.developers.google.com/apis/api/compute.googleapis.com/overview?project=1087424771839","containerInfo":"1087424771839","serviceTitle":"Compute Engine API","service":"compute.googleapis.com"}},{"@type":"type.googleapis.com/google.rpc.LocalizedMessage","locale":"en-US","message":"Compute Engine API has not been used in project 1087424771839 before or it is disabled. Enable it by visiting https://console.developers.google.com/apis/api/compute.googleapis.com/overview?project=1087424771839 then retry. If you enabled this API recently, wait a few minutes for the action to propagate to our systems and retry."},{"@type":"type.googleapis.com/google.rpc.Help","links":[{"description":"Google developers console API activation","url":"https://console.developers.google.com/apis/api/compute.googleapis.com/overview?project=1087424771839"}]}]}},"response":{"statusCode":403}},"exit":1,"message":"Request to https://compute.googleapis.com/compute/v1/projects/1087424771839 had HTTP Error: 403, Compute Engine API has not been used in project 1087424771839 before or it is disabled. Enable it by visiting https://console.developers.google.com/apis/api/compute.googleapis.com/overview?project=1087424771839 then retry. If you enabled this API recently, wait a few minutes for the action to propagate to our systems and retry.","status":403}
[debug] [2025-11-11T20:44:52.624Z] Checked if tokens are valid: true, expires at: 1762897482748
[debug] [2025-11-11T20:44:52.624Z] Checked if tokens are valid: true, expires at: 1762897482748
[debug] [2025-11-11T20:44:52.624Z] >>> [apiv2][query] GET https://compute.googleapis.com/compute/v1/projects/1087424771839 [none]
[debug] [2025-11-11T20:44:52.708Z] <<< [apiv2][status] GET https://compute.googleapis.com/compute/v1/projects/1087424771839 403
[debug] [2025-11-11T20:44:52.708Z] <<< [apiv2][body] GET https://compute.googleapis.com/compute/v1/projects/1087424771839 {"error":{"code":403,"message":"Compute Engine API has not been used in project 1087424771839 before or it is disabled. Enable it by visiting https://console.developers.google.com/apis/api/compute.googleapis.com/overview?project=1087424771839 then retry. If you enabled this API recently, wait a few minutes for the action to propagate to our systems and retry.","errors":[{"message":"Compute Engine API has not been used in project 1087424771839 before or it is disabled. Enable it by visiting https://console.developers.google.com/apis/api/compute.googleapis.com/overview?project=1087424771839 then retry. If you enabled this API recently, wait a few minutes for the action to propagate to our systems and retry.","domain":"usageLimits","reason":"accessNotConfigured","extendedHelp":"https://console.developers.google.com"}],"status":"PERMISSION_DENIED","details":[{"@type":"type.googleapis.com/google.rpc.ErrorInfo","reason":"SERVICE_DISABLED","domain":"googleapis.com","metadata":{"containerInfo":"1087424771839","serviceTitle":"Compute Engine API","activationUrl":"https://console.developers.google.com/apis/api/compute.googleapis.com/overview?project=1087424771839","consumer":"projects/1087424771839","service":"compute.googleapis.com"}},{"@type":"type.googleapis.com/google.rpc.LocalizedMessage","locale":"en-US","message":"Compute Engine API has not been used in project 1087424771839 before or it is disabled. Enable it by visiting https://console.developers.google.com/apis/api/compute.googleapis.com/overview?project=1087424771839 then retry. If you enabled this API recently, wait a few minutes for the action to propagate to our systems and retry."},{"@type":"type.googleapis.com/google.rpc.Help","links":[{"description":"Google developers console API activation","url":"https://console.developers.google.com/apis/api/compute.googleapis.com/overview?project=1087424771839"}]}]}}
[debug] [2025-11-11T20:44:52.708Z] unable to look up default compute service account. Falling back to 1087424771839-compute@developer.gserviceaccount.com. Error: {"name":"FirebaseError","children":[],"context":{"body":{"error":{"code":403,"message":"Compute Engine API has not been used in project 1087424771839 before or it is disabled. Enable it by visiting https://console.developers.google.com/apis/api/compute.googleapis.com/overview?project=1087424771839 then retry. If you enabled this API recently, wait a few minutes for the action to propagate to our systems and retry.","errors":[{"message":"Compute Engine API has not been used in project 1087424771839 before or it is disabled. Enable it by visiting https://console.developers.google.com/apis/api/compute.googleapis.com/overview?project=1087424771839 then retry. If you enabled this API recently, wait a few minutes for the action to propagate to our systems and retry.","domain":"usageLimits","reason":"accessNotConfigured","extendedHelp":"https://console.developers.google.com"}],"status":"PERMISSION_DENIED","details":[{"@type":"type.googleapis.com/google.rpc.ErrorInfo","reason":"SERVICE_DISABLED","domain":"googleapis.com","metadata":{"containerInfo":"1087424771839","serviceTitle":"Compute Engine API","activationUrl":"https://console.developers.google.com/apis/api/compute.googleapis.com/overview?project=1087424771839","consumer":"projects/1087424771839","service":"compute.googleapis.com"}},{"@type":"type.googleapis.com/google.rpc.LocalizedMessage","locale":"en-US","message":"Compute Engine API has not been used in project 1087424771839 before or it is disabled. Enable it by visiting https://console.developers.google.com/apis/api/compute.googleapis.com/overview?project=1087424771839 then retry. If you enabled this API recently, wait a few minutes for the action to propagate to our systems and retry."},{"@type":"type.googleapis.com/google.rpc.Help","links":[{"description":"Google developers console API activation","url":"https://console.developers.google.com/apis/api/compute.googleapis.com/overview?project=1087424771839"}]}]}},"response":{"statusCode":403}},"exit":1,"message":"Request to https://compute.googleapis.com/compute/v1/projects/1087424771839 had HTTP Error: 403, Compute Engine API has not been used in project 1087424771839 before or it is disabled. Enable it by visiting https://console.developers.google.com/apis/api/compute.googleapis.com/overview?project=1087424771839 then retry. If you enabled this API recently, wait a few minutes for the action to propagate to our systems and retry.","status":403}
[debug] [2025-11-11T20:44:52.709Z] Checked if tokens are valid: true, expires at: 1762897482748
[debug] [2025-11-11T20:44:52.709Z] Checked if tokens are valid: true, expires at: 1762897482748
[debug] [2025-11-11T20:44:52.709Z] >>> [apiv2][query] GET https://compute.googleapis.com/compute/v1/projects/1087424771839 [none]
[debug] [2025-11-11T20:44:52.767Z] <<< [apiv2][status] GET https://compute.googleapis.com/compute/v1/projects/1087424771839 403
[debug] [2025-11-11T20:44:52.768Z] <<< [apiv2][body] GET https://compute.googleapis.com/compute/v1/projects/1087424771839 {"error":{"code":403,"message":"Compute Engine API has not been used in project 1087424771839 before or it is disabled. Enable it by visiting https://console.developers.google.com/apis/api/compute.googleapis.com/overview?project=1087424771839 then retry. If you enabled this API recently, wait a few minutes for the action to propagate to our systems and retry.","errors":[{"message":"Compute Engine API has not been used in project 1087424771839 before or it is disabled. Enable it by visiting https://console.developers.google.com/apis/api/compute.googleapis.com/overview?project=1087424771839 then retry. If you enabled this API recently, wait a few minutes for the action to propagate to our systems and retry.","domain":"usageLimits","reason":"accessNotConfigured","extendedHelp":"https://console.developers.google.com"}],"status":"PERMISSION_DENIED","details":[{"@type":"type.googleapis.com/google.rpc.ErrorInfo","reason":"SERVICE_DISABLED","domain":"googleapis.com","metadata":{"serviceTitle":"Compute Engine API","service":"compute.googleapis.com","consumer":"projects/1087424771839","activationUrl":"https://console.developers.google.com/apis/api/compute.googleapis.com/overview?project=1087424771839","containerInfo":"1087424771839"}},{"@type":"type.googleapis.com/google.rpc.LocalizedMessage","locale":"en-US","message":"Compute Engine API has not been used in project 1087424771839 before or it is disabled. Enable it by visiting https://console.developers.google.com/apis/api/compute.googleapis.com/overview?project=1087424771839 then retry. If you enabled this API recently, wait a few minutes for the action to propagate to our systems and retry."},{"@type":"type.googleapis.com/google.rpc.Help","links":[{"description":"Google developers console API activation","url":"https://console.developers.google.com/apis/api/compute.googleapis.com/overview?project=1087424771839"}]}]}}
[debug] [2025-11-11T20:44:52.769Z] unable to look up default compute service account. Falling back to 1087424771839-compute@developer.gserviceaccount.com. Error: {"name":"FirebaseError","children":[],"context":{"body":{"error":{"code":403,"message":"Compute Engine API has not been used in project 1087424771839 before or it is disabled. Enable it by visiting https://console.developers.google.com/apis/api/compute.googleapis.com/overview?project=1087424771839 then retry. If you enabled this API recently, wait a few minutes for the action to propagate to our systems and retry.","errors":[{"message":"Compute Engine API has not been used in project 1087424771839 before or it is disabled. Enable it by visiting https://console.developers.google.com/apis/api/compute.googleapis.com/overview?project=1087424771839 then retry. If you enabled this API recently, wait a few minutes for the action to propagate to our systems and retry.","domain":"usageLimits","reason":"accessNotConfigured","extendedHelp":"https://console.developers.google.com"}],"status":"PERMISSION_DENIED","details":[{"@type":"type.googleapis.com/google.rpc.ErrorInfo","reason":"SERVICE_DISABLED","domain":"googleapis.com","metadata":{"serviceTitle":"Compute Engine API","service":"compute.googleapis.com","consumer":"projects/1087424771839","activationUrl":"https://console.developers.google.com/apis/api/compute.googleapis.com/overview?project=1087424771839","containerInfo":"1087424771839"}},{"@type":"type.googleapis.com/google.rpc.LocalizedMessage","locale":"en-US","message":"Compute Engine API has not been used in project 1087424771839 before or it is disabled. Enable it by visiting https://console.developers.google.com/apis/api/compute.googleapis.com/overview?project=1087424771839 then retry. If you enabled this API recently, wait a few minutes for the action to propagate to our systems and retry."},{"@type":"type.googleapis.com/google.rpc.Help","links":[{"description":"Google developers console API activation","url":"https://console.developers.google.com/apis/api/compute.googleapis.com/overview?project=1087424771839"}]}]}},"response":{"statusCode":403}},"exit":1,"message":"Request to https://compute.googleapis.com/compute/v1/projects/1087424771839 had HTTP Error: 403, Compute Engine API has not been used in project 1087424771839 before or it is disabled. Enable it by visiting https://console.developers.google.com/apis/api/compute.googleapis.com/overview?project=1087424771839 then retry. If you enabled this API recently, wait a few minutes for the action to propagate to our systems and retry.","status":403}
[debug] [2025-11-11T20:44:52.769Z] Checked if tokens are valid: true, expires at: 1762897482748
[debug] [2025-11-11T20:44:52.769Z] Checked if tokens are valid: true, expires at: 1762897482748
[debug] [2025-11-11T20:44:52.769Z] >>> [apiv2][query] GET https://compute.googleapis.com/compute/v1/projects/1087424771839 [none]
